[ 2019-01-13T22:02:23+08:00 ] 127.0.0.1 /radmin/index/index/
ERR: Access denied for user 'threeperson'@'localhost' (using password: YES)

[ 2019-01-13T22:02:30+08:00 ] 127.0.0.1 /radmin/item/edit?id=3&spm=m-4-1
INFO: [ app_begin ] --START--
INFO: ReadHtmlCache Behavior ::run [ RunTime:0.002000s ]
INFO: [ app_begin ] --END-- [ RunTime:0.002000s ]
SQL: SHOW COLUMNS FROM `admin` [ RunTime:0.005000s ]
SQL: SELECT * FROM `admin` WHERE ( `id` = 1 ) LIMIT 1   [ RunTime:0.000000s ]
SQL: SHOW COLUMNS FROM `distributor` [ RunTime:0.004000s ]
ERR: 1146:Table 'threeperson.distributor' doesn't exist
 [ SQL语句 ] : SHOW COLUMNS FROM `distributor`
SQL: SHOW COLUMNS FROM `distributor_bind` [ RunTime:0.004000s ]
ERR: 1146:Table 'threeperson.distributor_bind' doesn't exist
 [ SQL语句 ] : SHOW COLUMNS FROM `distributor_bind`
SQL: SHOW COLUMNS FROM `distributor_upgrade_apply` [ RunTime:0.006000s ]
ERR: 1146:Table 'threeperson.distributor_upgrade_apply' doesn't exist
 [ SQL语句 ] : SHOW COLUMNS FROM `distributor_upgrade_apply`
SQL: SHOW COLUMNS FROM `cat` [ RunTime:0.004000s ]
SQL: SHOW COLUMNS FROM `item` [ RunTime:0.005000s ]
SQL: SELECT * FROM `item` WHERE ( `id` = 3 ) LIMIT 1   [ RunTime:0.001000s ]
SQL: SELECT * FROM `cat` WHERE ( id=1 ) LIMIT 1   [ RunTime:0.000000s ]
SQL: SELECT * FROM `cat` WHERE ( id=7 ) LIMIT 1   [ RunTime:0.001000s ]
INFO: [ view_parse ] --START--
INFO: ParseTemplate Behavior ::run [ RunTime:0.015000s ]
INFO: [ view_parse ] --END-- [ RunTime:0.015000s ]
INFO: [ view_filter ] --START--
INFO: ContentReplace Behavior ::run [ RunTime:0.001000s ]
INFO: TokenBuild Behavior ::run [ RunTime:0.001000s ]
INFO: WriteHtmlCache Behavior ::run [ RunTime:0.000000s ]
INFO: ShowRuntime Behavior ::run [ RunTime:0.001000s ]
INFO: [ view_filter ] --END-- [ RunTime:0.004000s ]
INFO: [ view_end ] --START--
INFO: ShowPageTrace Behavior ::run [ RunTime:0.001000s ]
INFO: [ view_end ] --END-- [ RunTime:0.001000s ]

[ 2019-01-13T22:02:30+08:00 ] 127.0.0.1 /radmin/photo/templet_category
INFO: [ app_begin ] --START--
INFO: ReadHtmlCache Behavior ::run [ RunTime:0.001000s ]
INFO: [ app_begin ] --END-- [ RunTime:0.001000s ]
SQL: SHOW COLUMNS FROM `admin` [ RunTime:0.004000s ]
SQL: SELECT * FROM `admin` WHERE ( `id` = 1 ) LIMIT 1   [ RunTime:0.001000s ]
SQL: SHOW COLUMNS FROM `distributor` [ RunTime:0.005000s ]
ERR: 1146:Table 'threeperson.distributor' doesn't exist
 [ SQL语句 ] : SHOW COLUMNS FROM `distributor`
SQL: SHOW COLUMNS FROM `distributor_bind` [ RunTime:0.004000s ]
ERR: 1146:Table 'threeperson.distributor_bind' doesn't exist
 [ SQL语句 ] : SHOW COLUMNS FROM `distributor_bind`
SQL: SHOW COLUMNS FROM `distributor_upgrade_apply` [ RunTime:0.006000s ]
ERR: 1146:Table 'threeperson.distributor_upgrade_apply' doesn't exist
 [ SQL语句 ] : SHOW COLUMNS FROM `distributor_upgrade_apply`
SQL: SHOW COLUMNS FROM `cat` [ RunTime:0.004000s ]
SQL: SHOW COLUMNS FROM `company` [ RunTime:0.005000s ]
SQL: SELECT * FROM `cat` ORDER BY id asc  [ RunTime:0.001000s ]

[ 2019-01-13T22:02:30+08:00 ] 127.0.0.1 /radmin/photo/get_son_templet_category?pid=1
INFO: [ app_begin ] --START--
INFO: ReadHtmlCache Behavior ::run [ RunTime:0.001000s ]
INFO: [ app_begin ] --END-- [ RunTime:0.001000s ]
SQL: SHOW COLUMNS FROM `admin` [ RunTime:0.005000s ]
SQL: SELECT * FROM `admin` WHERE ( `id` = 1 ) LIMIT 1   [ RunTime:0.000000s ]
SQL: SHOW COLUMNS FROM `distributor` [ RunTime:0.006000s ]
ERR: 1146:Table 'threeperson.distributor' doesn't exist
 [ SQL语句 ] : SHOW COLUMNS FROM `distributor`
SQL: SHOW COLUMNS FROM `distributor_bind` [ RunTime:0.005000s ]
ERR: 1146:Table 'threeperson.distributor_bind' doesn't exist
 [ SQL语句 ] : SHOW COLUMNS FROM `distributor_bind`
SQL: SHOW COLUMNS FROM `distributor_upgrade_apply` [ RunTime:0.005000s ]
ERR: 1146:Table 'threeperson.distributor_upgrade_apply' doesn't exist
 [ SQL语句 ] : SHOW COLUMNS FROM `distributor_upgrade_apply`
SQL: SHOW COLUMNS FROM `cat` [ RunTime:0.005000s ]
SQL: SHOW COLUMNS FROM `company` [ RunTime:0.004000s ]
SQL: SELECT * FROM `cat` WHERE ( `pid` = 1 ) ORDER BY id asc  [ RunTime:0.000000s ]
SQL: SELECT * FROM `cat` WHERE ( `pid` IN ('4','7','8','10') ) ORDER BY id asc  [ RunTime:0.000000s ]
NOTIC: [2] Invalid argument supplied for foreach() E:\PROGRAM\phpStudy\WWW\threeperson\App\Modules\Radmin\Action\PhotoAction.class.php 第 307 行.
NOTIC: [8] Undefined variable: three E:\PROGRAM\phpStudy\WWW\threeperson\App\Modules\Radmin\Action\PhotoAction.class.php 第 320 行.

[ 2019-01-13T22:02:33+08:00 ] 127.0.0.1 /radmin/company/company?spm=m-2-1
INFO: [ app_begin ] --START--
INFO: ReadHtmlCache Behavior ::run [ RunTime:0.001000s ]
INFO: [ app_begin ] --END-- [ RunTime:0.001000s ]
SQL: SHOW COLUMNS FROM `admin` [ RunTime:0.005000s ]
SQL: SELECT * FROM `admin` WHERE ( `id` = 1 ) LIMIT 1   [ RunTime:0.000000s ]
SQL: SHOW COLUMNS FROM `distributor` [ RunTime:0.004000s ]
ERR: 1146:Table 'threeperson.distributor' doesn't exist
 [ SQL语句 ] : SHOW COLUMNS FROM `distributor`
SQL: SHOW COLUMNS FROM `distributor_bind` [ RunTime:0.005000s ]
ERR: 1146:Table 'threeperson.distributor_bind' doesn't exist
 [ SQL语句 ] : SHOW COLUMNS FROM `distributor_bind`
SQL: SHOW COLUMNS FROM `distributor_upgrade_apply` [ RunTime:0.004000s ]
ERR: 1146:Table 'threeperson.distributor_upgrade_apply' doesn't exist
 [ SQL语句 ] : SHOW COLUMNS FROM `distributor_upgrade_apply`
SQL: SHOW COLUMNS FROM `company` [ RunTime:0.004000s ]
SQL: SELECT COUNT(id) AS tp_count FROM `company` LIMIT 1   [ RunTime:0.000000s ]
SQL: SELECT * FROM `company` ORDER BY id asc LIMIT 0,20   [ RunTime:0.000000s ]
INFO: [ view_parse ] --START--
INFO: ParseTemplate Behavior ::run [ RunTime:0.012000s ]
INFO: [ view_parse ] --END-- [ RunTime:0.012000s ]
INFO: [ view_filter ] --START--
INFO: ContentReplace Behavior ::run [ RunTime:0.000000s ]
INFO: TokenBuild Behavior ::run [ RunTime:0.001000s ]
INFO: WriteHtmlCache Behavior ::run [ RunTime:0.001000s ]
INFO: ShowRuntime Behavior ::run [ RunTime:0.001000s ]
INFO: [ view_filter ] --END-- [ RunTime:0.003000s ]
INFO: [ view_end ] --START--
INFO: ShowPageTrace Behavior ::run [ RunTime:0.001000s ]
INFO: [ view_end ] --END-- [ RunTime:0.001000s ]

[ 2019-01-13T22:04:00+08:00 ] 127.0.0.1 /Public/Admin_v3/css/static/fonts/mueller/mueller-400-b1.woff
ERR: 非法操作:admin_v3

[ 2019-01-13T22:04:00+08:00 ] 127.0.0.1 /Public/Admin_v3/css/static/fonts/mueller/mueller-500-b1.woff
ERR: 非法操作:admin_v3

[ 2019-01-13T22:04:00+08:00 ] 127.0.0.1 /Public/Admin_v3/css/static/fonts/fontawesome/fontello.woff
ERR: 非法操作:admin_v3

[ 2019-01-13T22:04:00+08:00 ] 127.0.0.1 /Public/Admin_v3/css/static/fonts/mueller/mueller-300-b1.woff
ERR: 非法操作:admin_v3

[ 2019-01-13T22:04:00+08:00 ] 127.0.0.1 /Public/Admin_v3/css/static/rsc/images/facebook.svg
ERR: 非法操作:admin_v3

[ 2019-01-13T22:04:00+08:00 ] 127.0.0.1 /Public/Admin_v3/css/static/rsc/images/instagram.svg
ERR: 非法操作:admin_v3

