[ 2019-01-11T01:53:19+08:00 ] 127.0.0.1 /radmin/Webset/get_runtime_info
INFO: [ app_begin ] --START--
INFO: ReadHtmlCache Behavior ::run [ RunTime:0.001000s ]
INFO: [ app_begin ] --END-- [ RunTime:0.001000s ]
SQL: SHOW COLUMNS FROM `admin` [ RunTime:0.005000s ]
SQL: SELECT * FROM `admin` WHERE ( `id` = 1 ) LIMIT 1   [ RunTime:0.000000s ]
SQL: SHOW COLUMNS FROM `distributor` [ RunTime:0.005000s ]
ERR: 1146:Table 'topos.distributor' doesn't exist
 [ SQL语句 ] : SHOW COLUMNS FROM `distributor`
SQL: SHOW COLUMNS FROM `distributor_bind` [ RunTime:0.003000s ]
ERR: 1146:Table 'topos.distributor_bind' doesn't exist
 [ SQL语句 ] : SHOW COLUMNS FROM `distributor_bind`
SQL: SHOW COLUMNS FROM `distributor_upgrade_apply` [ RunTime:0.004000s ]
ERR: 1146:Table 'topos.distributor_upgrade_apply' doesn't exist
 [ SQL语句 ] : SHOW COLUMNS FROM `distributor_upgrade_apply`
NOTIC: [8] Undefined variable: sizeResult E:\PROGRAM\phpStudy\WWW\topos\App\Modules\Radmin\Action\WebsetAction.class.php 第 922 行.
NOTIC: [8] Undefined variable: sizeResult E:\PROGRAM\phpStudy\WWW\topos\App\Modules\Radmin\Action\WebsetAction.class.php 第 922 行.
NOTIC: [8] Undefined variable: sizeResult E:\PROGRAM\phpStudy\WWW\topos\App\Modules\Radmin\Action\WebsetAction.class.php 第 922 行.
NOTIC: [8] Undefined variable: sizeResult E:\PROGRAM\phpStudy\WWW\topos\App\Modules\Radmin\Action\WebsetAction.class.php 第 922 行.

[ 2019-01-11T01:53:21+08:00 ] 127.0.0.1 /radmin/photo/company_con2?spm=m-2-1
INFO: [ app_begin ] --START--
INFO: ReadHtmlCache Behavior ::run [ RunTime:0.000000s ]
INFO: [ app_begin ] --END-- [ RunTime:0.001000s ]
SQL: SHOW COLUMNS FROM `admin` [ RunTime:0.003000s ]
SQL: SELECT * FROM `admin` WHERE ( `id` = 1 ) LIMIT 1   [ RunTime:0.001000s ]
SQL: SHOW COLUMNS FROM `distributor` [ RunTime:0.005000s ]
ERR: 1146:Table 'topos.distributor' doesn't exist
 [ SQL语句 ] : SHOW COLUMNS FROM `distributor`
SQL: SHOW COLUMNS FROM `distributor_bind` [ RunTime:0.004000s ]
ERR: 1146:Table 'topos.distributor_bind' doesn't exist
 [ SQL语句 ] : SHOW COLUMNS FROM `distributor_bind`
SQL: SHOW COLUMNS FROM `distributor_upgrade_apply` [ RunTime:0.004000s ]
ERR: 1146:Table 'topos.distributor_upgrade_apply' doesn't exist
 [ SQL语句 ] : SHOW COLUMNS FROM `distributor_upgrade_apply`
SQL: SHOW COLUMNS FROM `cat` [ RunTime:0.004000s ]
SQL: SHOW COLUMNS FROM `company` [ RunTime:0.004000s ]
SQL: SELECT COUNT(id) AS tp_count FROM `company` WHERE ( `type` IN ('2') ) LIMIT 1   [ RunTime:0.000000s ]
INFO: [ view_parse ] --START--
NOTIC: [8] Undefined variable: count E:\PROGRAM\phpStudy\WWW\topos\App\Runtime\Cache\Radmin\ce98741f27fd1a1eeb108c8a84ab6a7b.php 第 59 行.
INFO: ParseTemplate Behavior ::run [ RunTime:0.008000s ]
INFO: [ view_parse ] --END-- [ RunTime:0.008000s ]
INFO: [ view_filter ] --START--
INFO: ContentReplace Behavior ::run [ RunTime:0.001000s ]
INFO: TokenBuild Behavior ::run [ RunTime:0.001000s ]
INFO: WriteHtmlCache Behavior ::run [ RunTime:0.000000s ]
INFO: ShowRuntime Behavior ::run [ RunTime:0.001000s ]
INFO: [ view_filter ] --END-- [ RunTime:0.004000s ]
INFO: [ view_end ] --START--
INFO: ShowPageTrace Behavior ::run [ RunTime:0.001000s ]
INFO: [ view_end ] --END-- [ RunTime:0.001000s ]

[ 2019-01-11T01:53:23+08:00 ] 127.0.0.1 /radmin/photo/cat?spm=m-2-1
INFO: [ app_begin ] --START--
INFO: ReadHtmlCache Behavior ::run [ RunTime:0.000000s ]
INFO: [ app_begin ] --END-- [ RunTime:0.000000s ]
SQL: SHOW COLUMNS FROM `admin` [ RunTime:0.004000s ]
SQL: SELECT * FROM `admin` WHERE ( `id` = 1 ) LIMIT 1   [ RunTime:0.001000s ]
SQL: SHOW COLUMNS FROM `distributor` [ RunTime:0.005000s ]
ERR: 1146:Table 'topos.distributor' doesn't exist
 [ SQL语句 ] : SHOW COLUMNS FROM `distributor`
SQL: SHOW COLUMNS FROM `distributor_bind` [ RunTime:0.004000s ]
ERR: 1146:Table 'topos.distributor_bind' doesn't exist
 [ SQL语句 ] : SHOW COLUMNS FROM `distributor_bind`
SQL: SHOW COLUMNS FROM `distributor_upgrade_apply` [ RunTime:0.006000s ]
ERR: 1146:Table 'topos.distributor_upgrade_apply' doesn't exist
 [ SQL语句 ] : SHOW COLUMNS FROM `distributor_upgrade_apply`
SQL: SHOW COLUMNS FROM `cat` [ RunTime:0.004000s ]
SQL: SHOW COLUMNS FROM `company` [ RunTime:0.004000s ]
SQL: SHOW COLUMNS FROM `order_count` [ RunTime:0.006000s ]
ERR: 1146:Table 'topos.order_count' doesn't exist
 [ SQL语句 ] : SHOW COLUMNS FROM `order_count`
SQL: SHOW COLUMNS FROM `money_month_count` [ RunTime:0.004000s ]
ERR: 1146:Table 'topos.money_month_count' doesn't exist
 [ SQL语句 ] : SHOW COLUMNS FROM `money_month_count`
SQL: SELECT COUNT(id) AS tp_count FROM `cat` LIMIT 1   [ RunTime:0.001000s ]
INFO: [ view_parse ] --START--
INFO: ParseTemplate Behavior ::run [ RunTime:0.007000s ]
INFO: [ view_parse ] --END-- [ RunTime:0.007000s ]
INFO: [ view_filter ] --START--
INFO: ContentReplace Behavior ::run [ RunTime:0.000000s ]
INFO: TokenBuild Behavior ::run [ RunTime:0.001000s ]
INFO: WriteHtmlCache Behavior ::run [ RunTime:0.000000s ]
INFO: ShowRuntime Behavior ::run [ RunTime:0.000000s ]
INFO: [ view_filter ] --END-- [ RunTime:0.003000s ]
INFO: [ view_end ] --START--
INFO: ShowPageTrace Behavior ::run [ RunTime:0.001000s ]
INFO: [ view_end ] --END-- [ RunTime:0.001000s ]

[ 2019-01-11T01:53:23+08:00 ] 127.0.0.1 /radmin/Photo/templet_category
INFO: [ app_begin ] --START--
INFO: ReadHtmlCache Behavior ::run [ RunTime:0.001000s ]
INFO: [ app_begin ] --END-- [ RunTime:0.001000s ]
SQL: SHOW COLUMNS FROM `admin` [ RunTime:0.004000s ]
SQL: SELECT * FROM `admin` WHERE ( `id` = 1 ) LIMIT 1   [ RunTime:0.000000s ]
SQL: SHOW COLUMNS FROM `distributor` [ RunTime:0.004000s ]
ERR: 1146:Table 'topos.distributor' doesn't exist
 [ SQL语句 ] : SHOW COLUMNS FROM `distributor`
SQL: SHOW COLUMNS FROM `distributor_bind` [ RunTime:0.004000s ]
ERR: 1146:Table 'topos.distributor_bind' doesn't exist
 [ SQL语句 ] : SHOW COLUMNS FROM `distributor_bind`
SQL: SHOW COLUMNS FROM `distributor_upgrade_apply` [ RunTime:0.006000s ]
ERR: 1146:Table 'topos.distributor_upgrade_apply' doesn't exist
 [ SQL语句 ] : SHOW COLUMNS FROM `distributor_upgrade_apply`
SQL: SHOW COLUMNS FROM `cat` [ RunTime:0.003000s ]
SQL: SHOW COLUMNS FROM `company` [ RunTime:0.005000s ]
SQL: SELECT * FROM `cat` ORDER BY id desc  [ RunTime:0.000000s ]
NOTIC: [8] Undefined variable: two E:\PROGRAM\phpStudy\WWW\topos\App\Modules\Radmin\Action\PhotoAction.class.php 第 270 行.

[ 2019-01-11T01:53:23+08:00 ] 127.0.0.1 /Public/Radmin_v3/js/test.js?_=1547142794249
INFO: [ app_begin ] --START--
INFO: ReadHtmlCache Behavior ::run [ RunTime:0.002000s ]
INFO: [ app_begin ] --END-- [ RunTime:0.002000s ]
ERR: 无法加载模块:Public

[ 2019-01-11T01:55:02+08:00 ] 127.0.0.1 /radmin/photo/cat?spm=m-4-1
INFO: [ app_begin ] --START--
INFO: ReadHtmlCache Behavior ::run [ RunTime:0.001000s ]
INFO: [ app_begin ] --END-- [ RunTime:0.001000s ]
SQL: SHOW COLUMNS FROM `admin` [ RunTime:0.004000s ]
SQL: SELECT * FROM `admin` WHERE ( `id` = 1 ) LIMIT 1   [ RunTime:0.000000s ]
SQL: SHOW COLUMNS FROM `distributor` [ RunTime:0.004000s ]
ERR: 1146:Table 'topos.distributor' doesn't exist
 [ SQL语句 ] : SHOW COLUMNS FROM `distributor`
SQL: SHOW COLUMNS FROM `distributor_bind` [ RunTime:0.005000s ]
ERR: 1146:Table 'topos.distributor_bind' doesn't exist
 [ SQL语句 ] : SHOW COLUMNS FROM `distributor_bind`
SQL: SHOW COLUMNS FROM `distributor_upgrade_apply` [ RunTime:0.005000s ]
ERR: 1146:Table 'topos.distributor_upgrade_apply' doesn't exist
 [ SQL语句 ] : SHOW COLUMNS FROM `distributor_upgrade_apply`
SQL: SHOW COLUMNS FROM `cat` [ RunTime:0.004000s ]
SQL: SHOW COLUMNS FROM `company` [ RunTime:0.004000s ]
SQL: SHOW COLUMNS FROM `order_count` [ RunTime:0.004000s ]
ERR: 1146:Table 'topos.order_count' doesn't exist
 [ SQL语句 ] : SHOW COLUMNS FROM `order_count`
SQL: SHOW COLUMNS FROM `money_month_count` [ RunTime:0.005000s ]
ERR: 1146:Table 'topos.money_month_count' doesn't exist
 [ SQL语句 ] : SHOW COLUMNS FROM `money_month_count`
SQL: SELECT COUNT(id) AS tp_count FROM `cat` LIMIT 1   [ RunTime:0.001000s ]
INFO: [ view_parse ] --START--
INFO: ParseTemplate Behavior ::run [ RunTime:0.007000s ]
INFO: [ view_parse ] --END-- [ RunTime:0.007000s ]
INFO: [ view_filter ] --START--
INFO: ContentReplace Behavior ::run [ RunTime:0.000000s ]
INFO: TokenBuild Behavior ::run [ RunTime:0.001000s ]
INFO: WriteHtmlCache Behavior ::run [ RunTime:0.000000s ]
INFO: ShowRuntime Behavior ::run [ RunTime:0.001000s ]
INFO: [ view_filter ] --END-- [ RunTime:0.002000s ]
INFO: [ view_end ] --START--
INFO: ShowPageTrace Behavior ::run [ RunTime:0.001000s ]
INFO: [ view_end ] --END-- [ RunTime:0.001000s ]

[ 2019-01-11T01:55:02+08:00 ] 127.0.0.1 /Public/Radmin_v3/js/test.js?_=1547142902061
INFO: [ app_begin ] --START--
INFO: ReadHtmlCache Behavior ::run [ RunTime:0.001000s ]
INFO: [ app_begin ] --END-- [ RunTime:0.001000s ]
ERR: 无法加载模块:Public

[ 2019-01-11T01:55:02+08:00 ] 127.0.0.1 /radmin/Photo/templet_category
INFO: [ app_begin ] --START--
INFO: ReadHtmlCache Behavior ::run [ RunTime:0.002000s ]
INFO: [ app_begin ] --END-- [ RunTime:0.002000s ]
SQL: SHOW COLUMNS FROM `admin` [ RunTime:0.003000s ]
SQL: SELECT * FROM `admin` WHERE ( `id` = 1 ) LIMIT 1   [ RunTime:0.001000s ]
SQL: SHOW COLUMNS FROM `distributor` [ RunTime:0.004000s ]
ERR: 1146:Table 'topos.distributor' doesn't exist
 [ SQL语句 ] : SHOW COLUMNS FROM `distributor`
SQL: SHOW COLUMNS FROM `distributor_bind` [ RunTime:0.004000s ]
ERR: 1146:Table 'topos.distributor_bind' doesn't exist
 [ SQL语句 ] : SHOW COLUMNS FROM `distributor_bind`
SQL: SHOW COLUMNS FROM `distributor_upgrade_apply` [ RunTime:0.005000s ]
ERR: 1146:Table 'topos.distributor_upgrade_apply' doesn't exist
 [ SQL语句 ] : SHOW COLUMNS FROM `distributor_upgrade_apply`
SQL: SHOW COLUMNS FROM `cat` [ RunTime:0.004000s ]
SQL: SHOW COLUMNS FROM `company` [ RunTime:0.004000s ]
SQL: SELECT * FROM `cat` ORDER BY id desc  [ RunTime:0.001000s ]
NOTIC: [8] Undefined variable: two E:\PROGRAM\phpStudy\WWW\topos\App\Modules\Radmin\Action\PhotoAction.class.php 第 270 行.

[ 2019-01-11T01:55:04+08:00 ] 127.0.0.1 /radmin/admin/edit?spm=m-2-1
INFO: [ app_begin ] --START--
INFO: ReadHtmlCache Behavior ::run [ RunTime:0.002000s ]
INFO: [ app_begin ] --END-- [ RunTime:0.002000s ]
SQL: SHOW COLUMNS FROM `admin` [ RunTime:0.005000s ]
SQL: SELECT * FROM `admin` WHERE ( `id` = 1 ) LIMIT 1   [ RunTime:0.000000s ]
SQL: SHOW COLUMNS FROM `distributor` [ RunTime:0.004000s ]
ERR: 1146:Table 'topos.distributor' doesn't exist
 [ SQL语句 ] : SHOW COLUMNS FROM `distributor`
SQL: SHOW COLUMNS FROM `distributor_bind` [ RunTime:0.004000s ]
ERR: 1146:Table 'topos.distributor_bind' doesn't exist
 [ SQL语句 ] : SHOW COLUMNS FROM `distributor_bind`
SQL: SHOW COLUMNS FROM `distributor_upgrade_apply` [ RunTime:0.004000s ]
ERR: 1146:Table 'topos.distributor_upgrade_apply' doesn't exist
 [ SQL语句 ] : SHOW COLUMNS FROM `distributor_upgrade_apply`
SQL: SHOW COLUMNS FROM `admin` [ RunTime:0.004000s ]
SQL: SELECT * FROM `admin` WHERE ( `id` = 1 ) LIMIT 1   [ RunTime:0.000000s ]
INFO: [ view_parse ] --START--
INFO: ParseTemplate Behavior ::run [ RunTime:0.012000s ]
INFO: [ view_parse ] --END-- [ RunTime:0.012000s ]
INFO: [ view_filter ] --START--
INFO: ContentReplace Behavior ::run [ RunTime:0.002000s ]
INFO: TokenBuild Behavior ::run [ RunTime:0.001000s ]
INFO: WriteHtmlCache Behavior ::run [ RunTime:0.001000s ]
INFO: ShowRuntime Behavior ::run [ RunTime:0.001000s ]
INFO: [ view_filter ] --END-- [ RunTime:0.006000s ]
INFO: [ view_end ] --START--
INFO: ShowPageTrace Behavior ::run [ RunTime:0.002000s ]
INFO: [ view_end ] --END-- [ RunTime:0.002000s ]

[ 2019-01-11T01:55:05+08:00 ] 127.0.0.1 /radmin/admin/manage?spm=m-2-1
INFO: [ app_begin ] --START--
INFO: ReadHtmlCache Behavior ::run [ RunTime:0.001000s ]
INFO: [ app_begin ] --END-- [ RunTime:0.002000s ]
SQL: SHOW COLUMNS FROM `admin` [ RunTime:0.005000s ]
SQL: SELECT * FROM `admin` WHERE ( `id` = 1 ) LIMIT 1   [ RunTime:0.000000s ]
SQL: SHOW COLUMNS FROM `distributor` [ RunTime:0.005000s ]
ERR: 1146:Table 'topos.distributor' doesn't exist
 [ SQL语句 ] : SHOW COLUMNS FROM `distributor`
SQL: SHOW COLUMNS FROM `distributor_bind` [ RunTime:0.004000s ]
ERR: 1146:Table 'topos.distributor_bind' doesn't exist
 [ SQL语句 ] : SHOW COLUMNS FROM `distributor_bind`
SQL: SHOW COLUMNS FROM `distributor_upgrade_apply` [ RunTime:0.004000s ]
ERR: 1146:Table 'topos.distributor_upgrade_apply' doesn't exist
 [ SQL语句 ] : SHOW COLUMNS FROM `distributor_upgrade_apply`
SQL: SELECT * FROM `admin` WHERE ( `id` <> 1 ) ORDER BY id desc  [ RunTime:0.000000s ]
INFO: [ view_parse ] --START--
NOTIC: [8] Undefined variable: count E:\PROGRAM\phpStudy\WWW\topos\App\Runtime\Cache\Radmin\2a333402df19c99b5d9b6c395f299ea1.php 第 69 行.
NOTIC: [8] Undefined variable: p E:\PROGRAM\phpStudy\WWW\topos\App\Runtime\Cache\Radmin\2a333402df19c99b5d9b6c395f299ea1.php 第 71 行.
NOTIC: [8] Undefined variable: limit E:\PROGRAM\phpStudy\WWW\topos\App\Runtime\Cache\Radmin\2a333402df19c99b5d9b6c395f299ea1.php 第 73 行.
INFO: ParseTemplate Behavior ::run [ RunTime:0.013000s ]
INFO: [ view_parse ] --END-- [ RunTime:0.013000s ]
INFO: [ view_filter ] --START--
INFO: ContentReplace Behavior ::run [ RunTime:0.001000s ]
INFO: TokenBuild Behavior ::run [ RunTime:0.001000s ]
INFO: WriteHtmlCache Behavior ::run [ RunTime:0.002000s ]
INFO: ShowRuntime Behavior ::run [ RunTime:0.001000s ]
INFO: [ view_filter ] --END-- [ RunTime:0.005000s ]
INFO: [ view_end ] --START--
INFO: ShowPageTrace Behavior ::run [ RunTime:0.001000s ]
INFO: [ view_end ] --END-- [ RunTime:0.001000s ]

[ 2019-01-11T01:55:06+08:00 ] 127.0.0.1 /radmin/admin/active_log?spm=m-2-1
INFO: [ app_begin ] --START--
INFO: ReadHtmlCache Behavior ::run [ RunTime:0.002000s ]
INFO: [ app_begin ] --END-- [ RunTime:0.002000s ]
SQL: SHOW COLUMNS FROM `admin` [ RunTime:0.003000s ]
SQL: SELECT * FROM `admin` WHERE ( `id` = 1 ) LIMIT 1   [ RunTime:0.000000s ]
SQL: SHOW COLUMNS FROM `distributor` [ RunTime:0.004000s ]
ERR: 1146:Table 'topos.distributor' doesn't exist
 [ SQL语句 ] : SHOW COLUMNS FROM `distributor`
SQL: SHOW COLUMNS FROM `distributor_bind` [ RunTime:0.004000s ]
ERR: 1146:Table 'topos.distributor_bind' doesn't exist
 [ SQL语句 ] : SHOW COLUMNS FROM `distributor_bind`
SQL: SHOW COLUMNS FROM `distributor_upgrade_apply` [ RunTime:0.006000s ]
ERR: 1146:Table 'topos.distributor_upgrade_apply' doesn't exist
 [ SQL语句 ] : SHOW COLUMNS FROM `distributor_upgrade_apply`
SQL: SHOW COLUMNS FROM `admin_active_log` [ RunTime:0.004000s ]
SQL: SELECT COUNT(*) AS tp_count FROM `admin_active_log` LIMIT 1   [ RunTime:0.000000s ]
SQL: SELECT `id`,`username` FROM `admin`  [ RunTime:0.000000s ]
SQL: SELECT * FROM `admin_active_log` ORDER BY created desc LIMIT 0,20   [ RunTime:0.001000s ]
INFO: [ view_parse ] --START--
INFO: ParseTemplate Behavior ::run [ RunTime:0.013000s ]
INFO: [ view_parse ] --END-- [ RunTime:0.013000s ]
INFO: [ view_filter ] --START--
INFO: ContentReplace Behavior ::run [ RunTime:0.002000s ]
INFO: TokenBuild Behavior ::run [ RunTime:0.001000s ]
INFO: WriteHtmlCache Behavior ::run [ RunTime:0.001000s ]
INFO: ShowRuntime Behavior ::run [ RunTime:0.002000s ]
INFO: [ view_filter ] --END-- [ RunTime:0.006000s ]
INFO: [ view_end ] --START--
INFO: ShowPageTrace Behavior ::run [ RunTime:0.003000s ]
INFO: [ view_end ] --END-- [ RunTime:0.003000s ]

[ 2019-01-11T01:55:08+08:00 ] 127.0.0.1 /radmin/admin/manage?spm=m-2-1
INFO: [ app_begin ] --START--
INFO: ReadHtmlCache Behavior ::run [ RunTime:0.002000s ]
INFO: [ app_begin ] --END-- [ RunTime:0.002000s ]
SQL: SHOW COLUMNS FROM `admin` [ RunTime:0.003000s ]
SQL: SELECT * FROM `admin` WHERE ( `id` = 1 ) LIMIT 1   [ RunTime:0.001000s ]
SQL: SHOW COLUMNS FROM `distributor` [ RunTime:0.004000s ]
ERR: 1146:Table 'topos.distributor' doesn't exist
 [ SQL语句 ] : SHOW COLUMNS FROM `distributor`
SQL: SHOW COLUMNS FROM `distributor_bind` [ RunTime:0.004000s ]
ERR: 1146:Table 'topos.distributor_bind' doesn't exist
 [ SQL语句 ] : SHOW COLUMNS FROM `distributor_bind`
SQL: SHOW COLUMNS FROM `distributor_upgrade_apply` [ RunTime:0.004000s ]
ERR: 1146:Table 'topos.distributor_upgrade_apply' doesn't exist
 [ SQL语句 ] : SHOW COLUMNS FROM `distributor_upgrade_apply`
SQL: SELECT * FROM `admin` WHERE ( `id` <> 1 ) ORDER BY id desc  [ RunTime:0.001000s ]
INFO: [ view_parse ] --START--
NOTIC: [8] Undefined variable: count E:\PROGRAM\phpStudy\WWW\topos\App\Runtime\Cache\Radmin\2a333402df19c99b5d9b6c395f299ea1.php 第 69 行.
NOTIC: [8] Undefined variable: p E:\PROGRAM\phpStudy\WWW\topos\App\Runtime\Cache\Radmin\2a333402df19c99b5d9b6c395f299ea1.php 第 71 行.
NOTIC: [8] Undefined variable: limit E:\PROGRAM\phpStudy\WWW\topos\App\Runtime\Cache\Radmin\2a333402df19c99b5d9b6c395f299ea1.php 第 73 行.
INFO: ParseTemplate Behavior ::run [ RunTime:0.013000s ]
INFO: [ view_parse ] --END-- [ RunTime:0.013000s ]
INFO: [ view_filter ] --START--
INFO: ContentReplace Behavior ::run [ RunTime:0.001000s ]
INFO: TokenBuild Behavior ::run [ RunTime:0.001000s ]
INFO: WriteHtmlCache Behavior ::run [ RunTime:0.001000s ]
INFO: ShowRuntime Behavior ::run [ RunTime:0.001000s ]
INFO: [ view_filter ] --END-- [ RunTime:0.005000s ]
INFO: [ view_end ] --START--
INFO: ShowPageTrace Behavior ::run [ RunTime:0.002000s ]
INFO: [ view_end ] --END-- [ RunTime:0.002000s ]

[ 2019-01-11T01:55:10+08:00 ] 127.0.0.1 /radmin/admin/active_log?spm=m-2-1
INFO: [ app_begin ] --START--
INFO: ReadHtmlCache Behavior ::run [ RunTime:0.001000s ]
INFO: [ app_begin ] --END-- [ RunTime:0.001000s ]
SQL: SHOW COLUMNS FROM `admin` [ RunTime:0.004000s ]
SQL: SELECT * FROM `admin` WHERE ( `id` = 1 ) LIMIT 1   [ RunTime:0.000000s ]
SQL: SHOW COLUMNS FROM `distributor` [ RunTime:0.004000s ]
ERR: 1146:Table 'topos.distributor' doesn't exist
 [ SQL语句 ] : SHOW COLUMNS FROM `distributor`
SQL: SHOW COLUMNS FROM `distributor_bind` [ RunTime:0.004000s ]
ERR: 1146:Table 'topos.distributor_bind' doesn't exist
 [ SQL语句 ] : SHOW COLUMNS FROM `distributor_bind`
SQL: SHOW COLUMNS FROM `distributor_upgrade_apply` [ RunTime:0.004000s ]
ERR: 1146:Table 'topos.distributor_upgrade_apply' doesn't exist
 [ SQL语句 ] : SHOW COLUMNS FROM `distributor_upgrade_apply`
SQL: SHOW COLUMNS FROM `admin_active_log` [ RunTime:0.005000s ]
SQL: SELECT COUNT(*) AS tp_count FROM `admin_active_log` LIMIT 1   [ RunTime:0.000000s ]
SQL: SELECT `id`,`username` FROM `admin`  [ RunTime:0.001000s ]
SQL: SELECT * FROM `admin_active_log` ORDER BY created desc LIMIT 0,20   [ RunTime:0.000000s ]
INFO: [ view_parse ] --START--
INFO: ParseTemplate Behavior ::run [ RunTime:0.014000s ]
INFO: [ view_parse ] --END-- [ RunTime:0.014000s ]
INFO: [ view_filter ] --START--
INFO: ContentReplace Behavior ::run [ RunTime:0.002000s ]
INFO: TokenBuild Behavior ::run [ RunTime:0.001000s ]
INFO: WriteHtmlCache Behavior ::run [ RunTime:0.001000s ]
INFO: ShowRuntime Behavior ::run [ RunTime:0.002000s ]
INFO: [ view_filter ] --END-- [ RunTime:0.006000s ]
INFO: [ view_end ] --START--
INFO: ShowPageTrace Behavior ::run [ RunTime:0.003000s ]
INFO: [ view_end ] --END-- [ RunTime:0.004000s ]

[ 2019-01-11T01:55:12+08:00 ] 127.0.0.1 /radmin/analysis/index?spm=m-2-1
INFO: [ app_begin ] --START--
INFO: ReadHtmlCache Behavior ::run [ RunTime:0.001000s ]
INFO: [ app_begin ] --END-- [ RunTime:0.002000s ]
SQL: SHOW COLUMNS FROM `admin` [ RunTime:0.003000s ]
SQL: SELECT * FROM `admin` WHERE ( `id` = 1 ) LIMIT 1   [ RunTime:0.001000s ]
SQL: SHOW COLUMNS FROM `distributor` [ RunTime:0.004000s ]
ERR: 1146:Table 'topos.distributor' doesn't exist
 [ SQL语句 ] : SHOW COLUMNS FROM `distributor`
SQL: SHOW COLUMNS FROM `distributor_bind` [ RunTime:0.004000s ]
ERR: 1146:Table 'topos.distributor_bind' doesn't exist
 [ SQL语句 ] : SHOW COLUMNS FROM `distributor_bind`
SQL: SHOW COLUMNS FROM `distributor_upgrade_apply` [ RunTime:0.004000s ]
ERR: 1146:Table 'topos.distributor_upgrade_apply' doesn't exist
 [ SQL语句 ] : SHOW COLUMNS FROM `distributor_upgrade_apply`
SQL: SHOW COLUMNS FROM `order` [ RunTime:0.005000s ]
ERR: 1146:Table 'topos.order' doesn't exist
 [ SQL语句 ] : SHOW COLUMNS FROM `order`
SQL: SHOW COLUMNS FROM `order_count` [ RunTime:0.004000s ]
ERR: 1146:Table 'topos.order_count' doesn't exist
 [ SQL语句 ] : SHOW COLUMNS FROM `order_count`
SQL: SHOW COLUMNS FROM `money_recharge_log` [ RunTime:0.004000s ]
ERR: 1146:Table 'topos.money_recharge_log' doesn't exist
 [ SQL语句 ] : SHOW COLUMNS FROM `money_recharge_log`
SQL: SHOW COLUMNS FROM `templet` [ RunTime:0.005000s ]
ERR: 1146:Table 'topos.templet' doesn't exist
 [ SQL语句 ] : SHOW COLUMNS FROM `templet`
SQL: SELECT id,audited,time,level FROM `distributor`  [ RunTime:0.001000s ]
ERR: 1146:Table 'topos.distributor' doesn't exist
 [ SQL语句 ] : SELECT id,audited,time,level FROM `distributor` 
NOTIC: [2] Invalid argument supplied for foreach() E:\PROGRAM\phpStudy\WWW\topos\App\Modules\Radmin\Action\AnalysisAction.class.php 第 41 行.
SQL: SELECT id,status,time,total_price FROM `order` GROUP BY order_num  [ RunTime:0.001000s ]
ERR: 1146:Table 'topos.order' doesn't exist
 [ SQL语句 ] : SELECT id,status,time,total_price FROM `order` GROUP BY order_num 
NOTIC: [2] Invalid argument supplied for foreach() E:\PROGRAM\phpStudy\WWW\topos\App\Modules\Radmin\Action\AnalysisAction.class.php 第 62 行.
INFO: [ view_parse ] --START--
NOTIC: [8] Undefined variable: sysInfo E:\PROGRAM\phpStudy\WWW\topos\App\Runtime\Cache\Radmin\5c9ccd463d2b510f15ab2a66fc01bcd7.php 第 153 行.
NOTIC: [8] Undefined variable: session_start E:\PROGRAM\phpStudy\WWW\topos\App\Runtime\Cache\Radmin\5c9ccd463d2b510f15ab2a66fc01bcd7.php 第 183 行.
NOTIC: [8] Use of undefined constant PHP_SELF - assumed 'PHP_SELF' E:\PROGRAM\phpStudy\WWW\topos\App\Runtime\Cache\Radmin\5c9ccd463d2b510f15ab2a66fc01bcd7.php 第 194 行.
NOTIC: [8] Use of undefined constant PHP_SELF - assumed 'PHP_SELF' E:\PROGRAM\phpStudy\WWW\topos\App\Runtime\Cache\Radmin\5c9ccd463d2b510f15ab2a66fc01bcd7.php 第 194 行.
NOTIC: [8192] Function eregi() is deprecated E:\PROGRAM\phpStudy\WWW\topos\App\Runtime\Cache\Radmin\5c9ccd463d2b510f15ab2a66fc01bcd7.php 第 195 行.
INFO: ParseTemplate Behavior ::run [ RunTime:0.015000s ]
INFO: [ view_parse ] --END-- [ RunTime:0.015000s ]
INFO: [ view_filter ] --START--
INFO: ContentReplace Behavior ::run [ RunTime:0.002000s ]
INFO: TokenBuild Behavior ::run [ RunTime:0.001000s ]
INFO: WriteHtmlCache Behavior ::run [ RunTime:0.001000s ]
INFO: ShowRuntime Behavior ::run [ RunTime:0.002000s ]
INFO: [ view_filter ] --END-- [ RunTime:0.006000s ]
INFO: [ view_end ] --START--
INFO: ShowPageTrace Behavior ::run [ RunTime:0.003000s ]
INFO: [ view_end ] --END-- [ RunTime:0.003000s ]

[ 2019-01-11T02:50:33+08:00 ] 127.0.0.1 /radmin/analysis/index?spm=m-0-0
INFO: [ app_begin ] --START--
INFO: ReadHtmlCache Behavior ::run [ RunTime:0.002000s ]
INFO: [ app_begin ] --END-- [ RunTime:0.002000s ]
SQL: SHOW COLUMNS FROM `admin` [ RunTime:0.004000s ]
SQL: SELECT * FROM `admin` WHERE ( `id` = 1 ) LIMIT 1   [ RunTime:0.000000s ]
SQL: SHOW COLUMNS FROM `distributor` [ RunTime:0.004000s ]
ERR: 1146:Table 'topos.distributor' doesn't exist
 [ SQL语句 ] : SHOW COLUMNS FROM `distributor`
SQL: SHOW COLUMNS FROM `distributor_bind` [ RunTime:0.004000s ]
ERR: 1146:Table 'topos.distributor_bind' doesn't exist
 [ SQL语句 ] : SHOW COLUMNS FROM `distributor_bind`
SQL: SHOW COLUMNS FROM `distributor_upgrade_apply` [ RunTime:0.005000s ]
ERR: 1146:Table 'topos.distributor_upgrade_apply' doesn't exist
 [ SQL语句 ] : SHOW COLUMNS FROM `distributor_upgrade_apply`
SQL: SHOW COLUMNS FROM `order` [ RunTime:0.004000s ]
ERR: 1146:Table 'topos.order' doesn't exist
 [ SQL语句 ] : SHOW COLUMNS FROM `order`
SQL: SHOW COLUMNS FROM `order_count` [ RunTime:0.003000s ]
ERR: 1146:Table 'topos.order_count' doesn't exist
 [ SQL语句 ] : SHOW COLUMNS FROM `order_count`
SQL: SHOW COLUMNS FROM `money_recharge_log` [ RunTime:0.005000s ]
ERR: 1146:Table 'topos.money_recharge_log' doesn't exist
 [ SQL语句 ] : SHOW COLUMNS FROM `money_recharge_log`
SQL: SHOW COLUMNS FROM `templet` [ RunTime:0.004000s ]
ERR: 1146:Table 'topos.templet' doesn't exist
 [ SQL语句 ] : SHOW COLUMNS FROM `templet`
SQL: SELECT id,audited,time,level FROM `distributor`  [ RunTime:0.001000s ]
ERR: 1146:Table 'topos.distributor' doesn't exist
 [ SQL语句 ] : SELECT id,audited,time,level FROM `distributor` 
NOTIC: [2] Invalid argument supplied for foreach() E:\PROGRAM\phpStudy\WWW\topos\App\Modules\Radmin\Action\AnalysisAction.class.php 第 41 行.
SQL: SELECT id,status,time,total_price FROM `order` GROUP BY order_num  [ RunTime:0.001000s ]
ERR: 1146:Table 'topos.order' doesn't exist
 [ SQL语句 ] : SELECT id,status,time,total_price FROM `order` GROUP BY order_num 
NOTIC: [2] Invalid argument supplied for foreach() E:\PROGRAM\phpStudy\WWW\topos\App\Modules\Radmin\Action\AnalysisAction.class.php 第 62 行.
INFO: [ view_parse ] --START--
NOTIC: [8] Undefined variable: sysInfo E:\PROGRAM\phpStudy\WWW\topos\App\Runtime\Cache\Radmin\5c9ccd463d2b510f15ab2a66fc01bcd7.php 第 153 行.
NOTIC: [8] Undefined variable: session_start E:\PROGRAM\phpStudy\WWW\topos\App\Runtime\Cache\Radmin\5c9ccd463d2b510f15ab2a66fc01bcd7.php 第 183 行.
NOTIC: [8] Use of undefined constant PHP_SELF - assumed 'PHP_SELF' E:\PROGRAM\phpStudy\WWW\topos\App\Runtime\Cache\Radmin\5c9ccd463d2b510f15ab2a66fc01bcd7.php 第 194 行.
NOTIC: [8] Use of undefined constant PHP_SELF - assumed 'PHP_SELF' E:\PROGRAM\phpStudy\WWW\topos\App\Runtime\Cache\Radmin\5c9ccd463d2b510f15ab2a66fc01bcd7.php 第 194 行.
NOTIC: [8192] Function eregi() is deprecated E:\PROGRAM\phpStudy\WWW\topos\App\Runtime\Cache\Radmin\5c9ccd463d2b510f15ab2a66fc01bcd7.php 第 195 行.
INFO: ParseTemplate Behavior ::run [ RunTime:0.016000s ]
INFO: [ view_parse ] --END-- [ RunTime:0.016000s ]
INFO: [ view_filter ] --START--
INFO: ContentReplace Behavior ::run [ RunTime:0.002000s ]
INFO: TokenBuild Behavior ::run [ RunTime:0.001000s ]
INFO: WriteHtmlCache Behavior ::run [ RunTime:0.001000s ]
INFO: ShowRuntime Behavior ::run [ RunTime:0.002000s ]
INFO: [ view_filter ] --END-- [ RunTime:0.006000s ]
INFO: [ view_end ] --START--
INFO: ShowPageTrace Behavior ::run [ RunTime:0.003000s ]
INFO: [ view_end ] --END-- [ RunTime:0.003000s ]

[ 2019-01-11T03:04:23+08:00 ] 127.0.0.1 /radmin/analysis/index?spm=m-0-0
INFO: [ app_begin ] --START--
INFO: ReadHtmlCache Behavior ::run [ RunTime:0.002000s ]
INFO: [ app_begin ] --END-- [ RunTime:0.002000s ]
SQL: SHOW COLUMNS FROM `admin` [ RunTime:0.006000s ]
SQL: SELECT * FROM `admin` WHERE ( `id` = 1 ) LIMIT 1   [ RunTime:0.000000s ]
SQL: SHOW COLUMNS FROM `distributor` [ RunTime:0.006000s ]
ERR: 1146:Table 'topos.distributor' doesn't exist
 [ SQL语句 ] : SHOW COLUMNS FROM `distributor`
SQL: SHOW COLUMNS FROM `distributor_bind` [ RunTime:0.005000s ]
ERR: 1146:Table 'topos.distributor_bind' doesn't exist
 [ SQL语句 ] : SHOW COLUMNS FROM `distributor_bind`
SQL: SHOW COLUMNS FROM `distributor_upgrade_apply` [ RunTime:0.004000s ]
ERR: 1146:Table 'topos.distributor_upgrade_apply' doesn't exist
 [ SQL语句 ] : SHOW COLUMNS FROM `distributor_upgrade_apply`
SQL: SHOW COLUMNS FROM `order` [ RunTime:0.005000s ]
ERR: 1146:Table 'topos.order' doesn't exist
 [ SQL语句 ] : SHOW COLUMNS FROM `order`
SQL: SHOW COLUMNS FROM `order_count` [ RunTime:0.005000s ]
ERR: 1146:Table 'topos.order_count' doesn't exist
 [ SQL语句 ] : SHOW COLUMNS FROM `order_count`
SQL: SHOW COLUMNS FROM `money_recharge_log` [ RunTime:0.005000s ]
ERR: 1146:Table 'topos.money_recharge_log' doesn't exist
 [ SQL语句 ] : SHOW COLUMNS FROM `money_recharge_log`
SQL: SHOW COLUMNS FROM `templet` [ RunTime:0.004000s ]
ERR: 1146:Table 'topos.templet' doesn't exist
 [ SQL语句 ] : SHOW COLUMNS FROM `templet`
SQL: SELECT id,audited,time,level FROM `distributor`  [ RunTime:0.002000s ]
ERR: 1146:Table 'topos.distributor' doesn't exist
 [ SQL语句 ] : SELECT id,audited,time,level FROM `distributor` 
NOTIC: [2] Invalid argument supplied for foreach() E:\PROGRAM\phpStudy\WWW\topos\App\Modules\Radmin\Action\AnalysisAction.class.php 第 41 行.
SQL: SELECT id,status,time,total_price FROM `order` GROUP BY order_num  [ RunTime:0.001000s ]
ERR: 1146:Table 'topos.order' doesn't exist
 [ SQL语句 ] : SELECT id,status,time,total_price FROM `order` GROUP BY order_num 
NOTIC: [2] Invalid argument supplied for foreach() E:\PROGRAM\phpStudy\WWW\topos\App\Modules\Radmin\Action\AnalysisAction.class.php 第 62 行.
INFO: [ view_parse ] --START--
NOTIC: [8] Undefined variable: sysInfo E:\PROGRAM\phpStudy\WWW\topos\App\Runtime\Cache\Radmin\5c9ccd463d2b510f15ab2a66fc01bcd7.php 第 153 行.
NOTIC: [8] Undefined variable: session_start E:\PROGRAM\phpStudy\WWW\topos\App\Runtime\Cache\Radmin\5c9ccd463d2b510f15ab2a66fc01bcd7.php 第 183 行.
NOTIC: [8] Use of undefined constant PHP_SELF - assumed 'PHP_SELF' E:\PROGRAM\phpStudy\WWW\topos\App\Runtime\Cache\Radmin\5c9ccd463d2b510f15ab2a66fc01bcd7.php 第 194 行.
NOTIC: [8] Use of undefined constant PHP_SELF - assumed 'PHP_SELF' E:\PROGRAM\phpStudy\WWW\topos\App\Runtime\Cache\Radmin\5c9ccd463d2b510f15ab2a66fc01bcd7.php 第 194 行.
NOTIC: [8192] Function eregi() is deprecated E:\PROGRAM\phpStudy\WWW\topos\App\Runtime\Cache\Radmin\5c9ccd463d2b510f15ab2a66fc01bcd7.php 第 195 行.
INFO: ParseTemplate Behavior ::run [ RunTime:0.015000s ]
INFO: [ view_parse ] --END-- [ RunTime:0.015000s ]
INFO: [ view_filter ] --START--
INFO: ContentReplace Behavior ::run [ RunTime:0.001000s ]
INFO: TokenBuild Behavior ::run [ RunTime:0.001000s ]
INFO: WriteHtmlCache Behavior ::run [ RunTime:0.001000s ]
INFO: ShowRuntime Behavior ::run [ RunTime:0.001000s ]
INFO: [ view_filter ] --END-- [ RunTime:0.005000s ]
INFO: [ view_end ] --START--
INFO: ShowPageTrace Behavior ::run [ RunTime:0.002000s ]
INFO: [ view_end ] --END-- [ RunTime:0.002000s ]

[ 2019-01-11T20:18:34+08:00 ] 127.0.0.1 /radmin
ERR: Access denied for user 'threeperson'@'localhost' (using password: YES)

