[ 2019-01-09T20:37:59+08:00 ] 127.0.0.1 /
INFO: [ app_begin ] --START--
INFO: Run ReadHtmlCache Behavior [ RunTime:0.000000s ]
INFO: Run CheckLang Behavior [ RunTime:0.001000s ]
INFO: [ app_begin ] --END-- [ RunTime:0.001000s ]
SQL: SHOW COLUMNS FROM `tp_ads` [ RunTime:0.005000s ]
SQL: SELECT * FROM `tp_ads` WHERE ( ads_id=7 ) LIMIT 1   [ RunTime:0.001000s ]
NOTIC: [8] Undefined index: HTTP_REFERER E:\PROGRAM\phpStudy\WWW\threeperson\Home\Lib\Action\CommonAction.class.php 第 22 行.
SQL: SHOW COLUMNS FROM `tp_articlecat` [ RunTime:0.005000s ]
SQL: SELECT * FROM `tp_articlecat` WHERE ( `parent_id` = 0 ) ORDER BY sort_order asc  [ RunTime:0.001000s ]
NOTIC: [2] Invalid argument supplied for foreach() E:\PROGRAM\phpStudy\WWW\threeperson\Home\Lib\Action\CommonAction.class.php 第 69 行.
SQL: SELECT * FROM `tp_ads` WHERE ( cat_id=2 ) ORDER BY ads_id asc  [ RunTime:0.000000s ]
SQL: SELECT * FROM `tp_ads` WHERE ( cat_id=6 ) LIMIT 3   [ RunTime:0.000000s ]
NOTIC: [8] Undefined offset: 1 E:\PROGRAM\phpStudy\WWW\threeperson\Home\Lib\Action\IndexAction.class.php 第 24 行.
SQL: SHOW COLUMNS FROM `tp_article` [ RunTime:0.005000s ]
SQL: SELECT `article_id`,`title`,`short`,`original_img` FROM `tp_article` WHERE ( is_recommend=1 ) ORDER BY sort_order asc,article_id desc LIMIT 4   [ RunTime:0.001000s ]
INFO: [ view_template ] --START--
INFO: Run LocationTemplate Behavior [ RunTime:0.002000s ]
INFO: [ view_template ] --END-- [ RunTime:0.002000s ]
INFO: [ view_parse ] --START--
NOTIC: [8] Undefined offset: 1 E:\PROGRAM\phpStudy\WWW\threeperson\Cache\Runtime\Home\Cache\7e4848229090366086cc7eeb3bfc0798.php 第 37 行.
NOTIC: [8] Undefined offset: 2 E:\PROGRAM\phpStudy\WWW\threeperson\Cache\Runtime\Home\Cache\7e4848229090366086cc7eeb3bfc0798.php 第 42 行.
NOTIC: [8] Undefined offset: 3 E:\PROGRAM\phpStudy\WWW\threeperson\Cache\Runtime\Home\Cache\7e4848229090366086cc7eeb3bfc0798.php 第 47 行.
NOTIC: [8] Undefined offset: 4 E:\PROGRAM\phpStudy\WWW\threeperson\Cache\Runtime\Home\Cache\7e4848229090366086cc7eeb3bfc0798.php 第 52 行.
NOTIC: [8] Undefined offset: 5 E:\PROGRAM\phpStudy\WWW\threeperson\Cache\Runtime\Home\Cache\7e4848229090366086cc7eeb3bfc0798.php 第 57 行.
INFO: Run ParseTemplate Behavior [ RunTime:0.019000s ]
INFO: [ view_parse ] --END-- [ RunTime:0.019000s ]
INFO: [ view_filter ] --START--
INFO: Run ContentReplace Behavior [ RunTime:0.001000s ]
INFO: Run TokenBuild Behavior [ RunTime:0.001000s ]
INFO: Run WriteHtmlCache Behavior [ RunTime:0.000000s ]
INFO: Run ShowRuntime Behavior [ RunTime:0.001000s ]
INFO: [ view_filter ] --END-- [ RunTime:0.003000s ]
INFO: [ view_end ] --START--
INFO: Run ShowPageTrace Behavior [ RunTime:0.001000s ]
INFO: [ view_end ] --END-- [ RunTime:0.001000s ]

[ 2019-01-09T20:38:00+08:00 ] 127.0.0.1 /
INFO: [ app_begin ] --START--
INFO: Run ReadHtmlCache Behavior [ RunTime:0.001000s ]
INFO: Run CheckLang Behavior [ RunTime:0.001000s ]
INFO: [ app_begin ] --END-- [ RunTime:0.002000s ]
SQL: SHOW COLUMNS FROM `tp_ads` [ RunTime:0.007000s ]
SQL: SELECT * FROM `tp_ads` WHERE ( ads_id=7 ) LIMIT 1   [ RunTime:0.000000s ]
SQL: SHOW COLUMNS FROM `tp_articlecat` [ RunTime:0.005000s ]
SQL: SELECT * FROM `tp_articlecat` WHERE ( `parent_id` = 0 ) ORDER BY sort_order asc  [ RunTime:0.001000s ]
NOTIC: [2] Invalid argument supplied for foreach() E:\PROGRAM\phpStudy\WWW\threeperson\Home\Lib\Action\CommonAction.class.php 第 69 行.
SQL: SELECT * FROM `tp_ads` WHERE ( cat_id=2 ) ORDER BY ads_id asc  [ RunTime:0.000000s ]
SQL: SELECT * FROM `tp_ads` WHERE ( cat_id=6 ) LIMIT 3   [ RunTime:0.000000s ]
NOTIC: [8] Undefined offset: 1 E:\PROGRAM\phpStudy\WWW\threeperson\Home\Lib\Action\IndexAction.class.php 第 24 行.
SQL: SHOW COLUMNS FROM `tp_article` [ RunTime:0.005000s ]
SQL: SELECT `article_id`,`title`,`short`,`original_img` FROM `tp_article` WHERE ( is_recommend=1 ) ORDER BY sort_order asc,article_id desc LIMIT 4   [ RunTime:0.000000s ]
INFO: [ view_template ] --START--
INFO: Run LocationTemplate Behavior [ RunTime:0.001000s ]
INFO: [ view_template ] --END-- [ RunTime:0.001000s ]
INFO: [ view_parse ] --START--
NOTIC: [8] Undefined offset: 1 E:\PROGRAM\phpStudy\WWW\threeperson\Cache\Runtime\Home\Cache\7e4848229090366086cc7eeb3bfc0798.php 第 37 行.
NOTIC: [8] Undefined offset: 2 E:\PROGRAM\phpStudy\WWW\threeperson\Cache\Runtime\Home\Cache\7e4848229090366086cc7eeb3bfc0798.php 第 42 行.
NOTIC: [8] Undefined offset: 3 E:\PROGRAM\phpStudy\WWW\threeperson\Cache\Runtime\Home\Cache\7e4848229090366086cc7eeb3bfc0798.php 第 47 行.
NOTIC: [8] Undefined offset: 4 E:\PROGRAM\phpStudy\WWW\threeperson\Cache\Runtime\Home\Cache\7e4848229090366086cc7eeb3bfc0798.php 第 52 行.
NOTIC: [8] Undefined offset: 5 E:\PROGRAM\phpStudy\WWW\threeperson\Cache\Runtime\Home\Cache\7e4848229090366086cc7eeb3bfc0798.php 第 57 行.
INFO: Run ParseTemplate Behavior [ RunTime:0.018000s ]
INFO: [ view_parse ] --END-- [ RunTime:0.018000s ]
INFO: [ view_filter ] --START--
INFO: Run ContentReplace Behavior [ RunTime:0.002000s ]
INFO: Run TokenBuild Behavior [ RunTime:0.001000s ]
INFO: Run WriteHtmlCache Behavior [ RunTime:0.000000s ]
INFO: Run ShowRuntime Behavior [ RunTime:0.001000s ]
INFO: [ view_filter ] --END-- [ RunTime:0.004000s ]
INFO: [ view_end ] --START--
INFO: Run ShowPageTrace Behavior [ RunTime:0.001000s ]
INFO: [ view_end ] --END-- [ RunTime:0.001000s ]

